2017/04/25 18:21:06 [error] [exception.CHttpException.404] CHttpException: Unable to resolve the request "user". in /var/www/html/yii_framework/framework/web/CWebApplication.php:286
Stack trace:
#0 /var/www/html/yii_framework/framework/web/CWebApplication.php(141): CWebApplication->runController('user')
#1 /var/www/html/yii_framework/framework/base/CApplication.php(185): CWebApplication->processRequest()
#2 /var/www/html/yii-mongodb/index.php(13): CApplication->run()
#3 {main}
REQUEST_URI=/yii-mongodb/index.php?r=user
---
2017/04/25 18:25:45 [error] [exception.ParseError] ParseError: syntax error, unexpected '=>' (T_DOUBLE_ARROW), expecting ',' or ')' in /var/www/html/yii-mongodb/protected/controllers/SiteController.php:112
Stack trace:
#0 /var/www/html/yii_framework/framework/web/CWebApplication.php(276): CWebApplication->createController('')
#1 /var/www/html/yii_framework/framework/web/CWebApplication.php(141): CWebApplication->runController('')
#2 /var/www/html/yii_framework/framework/base/CApplication.php(185): CWebApplication->processRequest()
#3 /var/www/html/yii-mongodb/index.php(13): CApplication->run()
#4 {main}
REQUEST_URI=/yii-mongodb/index.php/site/listusers
---
2017/04/25 18:26:08 [error] [exception.ParseError] ParseError: syntax error, unexpected '=>' (T_DOUBLE_ARROW), expecting ',' or ')' in /var/www/html/yii-mongodb/protected/controllers/SiteController.php:112
Stack trace:
#0 /var/www/html/yii_framework/framework/web/CWebApplication.php(276): CWebApplication->createController('')
#1 /var/www/html/yii_framework/framework/web/CWebApplication.php(141): CWebApplication->runController('')
#2 /var/www/html/yii_framework/framework/base/CApplication.php(185): CWebApplication->processRequest()
#3 /var/www/html/yii-mongodb/index.php(13): CApplication->run()
#4 {main}
REQUEST_URI=/yii-mongodb/index.php/site/listusers
---
2017/04/25 18:28:35 [error] [exception.Error] Error: Class 'Mongo' not found in /var/www/html/yii-mongodb/protected/extensions/YiiMongoDbSuite/EMongoDB.php:144
Stack trace:
#0 /var/www/html/yii-mongodb/protected/extensions/YiiMongoDbSuite/EMongoDB.php(181): EMongoDB->getConnection()
#1 /var/www/html/yii-mongodb/protected/extensions/YiiMongoDbSuite/EMongoDocument.php(166): EMongoDB->getDbInstance()
#2 /var/www/html/yii-mongodb/protected/extensions/YiiMongoDbSuite/EMongoDocument.php(191): EMongoDocument->getDb()
#3 /var/www/html/yii-mongodb/protected/extensions/YiiMongoDbSuite/EMongoDocument.php(847): EMongoDocument->getCollection()
#4 /var/www/html/yii-mongodb/protected/controllers/SiteController.php(111): EMongoDocument->findAll()
#5 /var/www/html/yii_framework/framework/web/actions/CInlineAction.php(49): SiteController->actionListUsers()
#6 /var/www/html/yii_framework/framework/web/CController.php(308): CInlineAction->runWithParams(Array)
#7 /var/www/html/yii_framework/framework/web/CController.php(286): CController->runAction(Object(CInlineAction))
#8 /var/www/html/yii_framework/framework/web/CController.php(265): CController->runActionWithFilters(Object(CInlineAction), Array)
#9 /var/www/html/yii_framework/framework/web/CWebApplication.php(282): CController->run('listusers')
#10 /var/www/html/yii_framework/framework/web/CWebApplication.php(141): CWebApplication->runController('site/listusers')
#11 /var/www/html/yii_framework/framework/base/CApplication.php(185): CWebApplication->processRequest()
#12 /var/www/html/yii-mongodb/index.php(13): CApplication->run()
#13 {main}
REQUEST_URI=/yii-mongodb/index.php/site/listusers
---
2017/04/25 18:29:10 [error] [exception.Error] Error: Class 'Mongo' not found in /var/www/html/yii-mongodb/protected/extensions/YiiMongoDbSuite/EMongoDB.php:144
Stack trace:
#0 /var/www/html/yii-mongodb/protected/extensions/YiiMongoDbSuite/EMongoDB.php(181): EMongoDB->getConnection()
#1 /var/www/html/yii-mongodb/protected/extensions/YiiMongoDbSuite/EMongoDocument.php(166): EMongoDB->getDbInstance()
#2 /var/www/html/yii-mongodb/protected/extensions/YiiMongoDbSuite/EMongoDocument.php(191): EMongoDocument->getDb()
#3 /var/www/html/yii-mongodb/protected/extensions/YiiMongoDbSuite/EMongoDocument.php(847): EMongoDocument->getCollection()
#4 /var/www/html/yii-mongodb/protected/controllers/SiteController.php(111): EMongoDocument->findAll()
#5 /var/www/html/yii_framework/framework/web/actions/CInlineAction.php(49): SiteController->actionListUsers()
#6 /var/www/html/yii_framework/framework/web/CController.php(308): CInlineAction->runWithParams(Array)
#7 /var/www/html/yii_framework/framework/web/CController.php(286): CController->runAction(Object(CInlineAction))
#8 /var/www/html/yii_framework/framework/web/CController.php(265): CController->runActionWithFilters(Object(CInlineAction), Array)
#9 /var/www/html/yii_framework/framework/web/CWebApplication.php(282): CController->run('listusers')
#10 /var/www/html/yii_framework/framework/web/CWebApplication.php(141): CWebApplication->runController('site/listusers')
#11 /var/www/html/yii_framework/framework/base/CApplication.php(185): CWebApplication->processRequest()
#12 /var/www/html/yii-mongodb/index.php(13): CApplication->run()
#13 {main}
REQUEST_URI=/yii-mongodb/index.php/site/listusers
---
2017/04/25 18:29:12 [error] [exception.Error] Error: Class 'Mongo' not found in /var/www/html/yii-mongodb/protected/extensions/YiiMongoDbSuite/EMongoDB.php:144
Stack trace:
#0 /var/www/html/yii-mongodb/protected/extensions/YiiMongoDbSuite/EMongoDB.php(181): EMongoDB->getConnection()
#1 /var/www/html/yii-mongodb/protected/extensions/YiiMongoDbSuite/EMongoDocument.php(166): EMongoDB->getDbInstance()
#2 /var/www/html/yii-mongodb/protected/extensions/YiiMongoDbSuite/EMongoDocument.php(191): EMongoDocument->getDb()
#3 /var/www/html/yii-mongodb/protected/extensions/YiiMongoDbSuite/EMongoDocument.php(847): EMongoDocument->getCollection()
#4 /var/www/html/yii-mongodb/protected/controllers/SiteController.php(111): EMongoDocument->findAll()
#5 /var/www/html/yii_framework/framework/web/actions/CInlineAction.php(49): SiteController->actionListUsers()
#6 /var/www/html/yii_framework/framework/web/CController.php(308): CInlineAction->runWithParams(Array)
#7 /var/www/html/yii_framework/framework/web/CController.php(286): CController->runAction(Object(CInlineAction))
#8 /var/www/html/yii_framework/framework/web/CController.php(265): CController->runActionWithFilters(Object(CInlineAction), Array)
#9 /var/www/html/yii_framework/framework/web/CWebApplication.php(282): CController->run('listusers')
#10 /var/www/html/yii_framework/framework/web/CWebApplication.php(141): CWebApplication->runController('site/listusers')
#11 /var/www/html/yii_framework/framework/base/CApplication.php(185): CWebApplication->processRequest()
#12 /var/www/html/yii-mongodb/index.php(13): CApplication->run()
#13 {main}
REQUEST_URI=/yii-mongodb/index.php/site/listusers
---
2017/04/25 18:31:45 [error] [exception.Error] Error: Class 'Mongo' not found in /var/www/html/yii-mongodb/protected/extensions/YiiMongoDbSuite/EMongoDB.php:144
Stack trace:
#0 /var/www/html/yii-mongodb/protected/extensions/YiiMongoDbSuite/EMongoDB.php(181): EMongoDB->getConnection()
#1 /var/www/html/yii-mongodb/protected/extensions/YiiMongoDbSuite/EMongoDocument.php(166): EMongoDB->getDbInstance()
#2 /var/www/html/yii-mongodb/protected/extensions/YiiMongoDbSuite/EMongoDocument.php(191): EMongoDocument->getDb()
#3 /var/www/html/yii-mongodb/protected/extensions/YiiMongoDbSuite/EMongoDocument.php(847): EMongoDocument->getCollection()
#4 /var/www/html/yii-mongodb/protected/controllers/SiteController.php(111): EMongoDocument->findAll()
#5 /var/www/html/yii_framework/framework/web/actions/CInlineAction.php(49): SiteController->actionListUsers()
#6 /var/www/html/yii_framework/framework/web/CController.php(308): CInlineAction->runWithParams(Array)
#7 /var/www/html/yii_framework/framework/web/CController.php(286): CController->runAction(Object(CInlineAction))
#8 /var/www/html/yii_framework/framework/web/CController.php(265): CController->runActionWithFilters(Object(CInlineAction), Array)
#9 /var/www/html/yii_framework/framework/web/CWebApplication.php(282): CController->run('listusers')
#10 /var/www/html/yii_framework/framework/web/CWebApplication.php(141): CWebApplication->runController('site/listusers')
#11 /var/www/html/yii_framework/framework/base/CApplication.php(185): CWebApplication->processRequest()
#12 /var/www/html/yii-mongodb/index.php(13): CApplication->run()
#13 {main}
REQUEST_URI=/yii-mongodb/index.php/site/listusers
---
2017/04/25 18:33:52 [error] [exception.Error] Error: Class 'Mongo' not found in /var/www/html/yii-mongodb/protected/extensions/YiiMongoDbSuite/EMongoDB.php:144
Stack trace:
#0 /var/www/html/yii-mongodb/protected/extensions/YiiMongoDbSuite/EMongoDB.php(181): EMongoDB->getConnection()
#1 /var/www/html/yii-mongodb/protected/extensions/YiiMongoDbSuite/EMongoDocument.php(166): EMongoDB->getDbInstance()
#2 /var/www/html/yii-mongodb/protected/extensions/YiiMongoDbSuite/EMongoDocument.php(191): EMongoDocument->getDb()
#3 /var/www/html/yii-mongodb/protected/extensions/YiiMongoDbSuite/EMongoDocument.php(847): EMongoDocument->getCollection()
#4 /var/www/html/yii-mongodb/protected/controllers/SiteController.php(111): EMongoDocument->findAll()
#5 /var/www/html/yii_framework/framework/web/actions/CInlineAction.php(49): SiteController->actionListUsers()
#6 /var/www/html/yii_framework/framework/web/CController.php(308): CInlineAction->runWithParams(Array)
#7 /var/www/html/yii_framework/framework/web/CController.php(286): CController->runAction(Object(CInlineAction))
#8 /var/www/html/yii_framework/framework/web/CController.php(265): CController->runActionWithFilters(Object(CInlineAction), Array)
#9 /var/www/html/yii_framework/framework/web/CWebApplication.php(282): CController->run('listusers')
#10 /var/www/html/yii_framework/framework/web/CWebApplication.php(141): CWebApplication->runController('site/listusers')
#11 /var/www/html/yii_framework/framework/base/CApplication.php(185): CWebApplication->processRequest()
#12 /var/www/html/yii-mongodb/index.php(13): CApplication->run()
#13 {main}
REQUEST_URI=/yii-mongodb/index.php/site/listusers
---
2017/04/25 18:33:53 [error] [exception.Error] Error: Class 'Mongo' not found in /var/www/html/yii-mongodb/protected/extensions/YiiMongoDbSuite/EMongoDB.php:144
Stack trace:
#0 /var/www/html/yii-mongodb/protected/extensions/YiiMongoDbSuite/EMongoDB.php(181): EMongoDB->getConnection()
#1 /var/www/html/yii-mongodb/protected/extensions/YiiMongoDbSuite/EMongoDocument.php(166): EMongoDB->getDbInstance()
#2 /var/www/html/yii-mongodb/protected/extensions/YiiMongoDbSuite/EMongoDocument.php(191): EMongoDocument->getDb()
#3 /var/www/html/yii-mongodb/protected/extensions/YiiMongoDbSuite/EMongoDocument.php(847): EMongoDocument->getCollection()
#4 /var/www/html/yii-mongodb/protected/controllers/SiteController.php(111): EMongoDocument->findAll()
#5 /var/www/html/yii_framework/framework/web/actions/CInlineAction.php(49): SiteController->actionListUsers()
#6 /var/www/html/yii_framework/framework/web/CController.php(308): CInlineAction->runWithParams(Array)
#7 /var/www/html/yii_framework/framework/web/CController.php(286): CController->runAction(Object(CInlineAction))
#8 /var/www/html/yii_framework/framework/web/CController.php(265): CController->runActionWithFilters(Object(CInlineAction), Array)
#9 /var/www/html/yii_framework/framework/web/CWebApplication.php(282): CController->run('listusers')
#10 /var/www/html/yii_framework/framework/web/CWebApplication.php(141): CWebApplication->runController('site/listusers')
#11 /var/www/html/yii_framework/framework/base/CApplication.php(185): CWebApplication->processRequest()
#12 /var/www/html/yii-mongodb/index.php(13): CApplication->run()
#13 {main}
REQUEST_URI=/yii-mongodb/index.php/site/listusers
---
2017/04/25 18:33:54 [error] [exception.Error] Error: Class 'Mongo' not found in /var/www/html/yii-mongodb/protected/extensions/YiiMongoDbSuite/EMongoDB.php:144
Stack trace:
#0 /var/www/html/yii-mongodb/protected/extensions/YiiMongoDbSuite/EMongoDB.php(181): EMongoDB->getConnection()
#1 /var/www/html/yii-mongodb/protected/extensions/YiiMongoDbSuite/EMongoDocument.php(166): EMongoDB->getDbInstance()
#2 /var/www/html/yii-mongodb/protected/extensions/YiiMongoDbSuite/EMongoDocument.php(191): EMongoDocument->getDb()
#3 /var/www/html/yii-mongodb/protected/extensions/YiiMongoDbSuite/EMongoDocument.php(847): EMongoDocument->getCollection()
#4 /var/www/html/yii-mongodb/protected/controllers/SiteController.php(111): EMongoDocument->findAll()
#5 /var/www/html/yii_framework/framework/web/actions/CInlineAction.php(49): SiteController->actionListUsers()
#6 /var/www/html/yii_framework/framework/web/CController.php(308): CInlineAction->runWithParams(Array)
#7 /var/www/html/yii_framework/framework/web/CController.php(286): CController->runAction(Object(CInlineAction))
#8 /var/www/html/yii_framework/framework/web/CController.php(265): CController->runActionWithFilters(Object(CInlineAction), Array)
#9 /var/www/html/yii_framework/framework/web/CWebApplication.php(282): CController->run('listusers')
#10 /var/www/html/yii_framework/framework/web/CWebApplication.php(141): CWebApplication->runController('site/listusers')
#11 /var/www/html/yii_framework/framework/base/CApplication.php(185): CWebApplication->processRequest()
#12 /var/www/html/yii-mongodb/index.php(13): CApplication->run()
#13 {main}
REQUEST_URI=/yii-mongodb/index.php/site/listusers
---
2017/04/25 18:33:54 [error] [exception.Error] Error: Class 'Mongo' not found in /var/www/html/yii-mongodb/protected/extensions/YiiMongoDbSuite/EMongoDB.php:144
Stack trace:
#0 /var/www/html/yii-mongodb/protected/extensions/YiiMongoDbSuite/EMongoDB.php(181): EMongoDB->getConnection()
#1 /var/www/html/yii-mongodb/protected/extensions/YiiMongoDbSuite/EMongoDocument.php(166): EMongoDB->getDbInstance()
#2 /var/www/html/yii-mongodb/protected/extensions/YiiMongoDbSuite/EMongoDocument.php(191): EMongoDocument->getDb()
#3 /var/www/html/yii-mongodb/protected/extensions/YiiMongoDbSuite/EMongoDocument.php(847): EMongoDocument->getCollection()
#4 /var/www/html/yii-mongodb/protected/controllers/SiteController.php(111): EMongoDocument->findAll()
#5 /var/www/html/yii_framework/framework/web/actions/CInlineAction.php(49): SiteController->actionListUsers()
#6 /var/www/html/yii_framework/framework/web/CController.php(308): CInlineAction->runWithParams(Array)
#7 /var/www/html/yii_framework/framework/web/CController.php(286): CController->runAction(Object(CInlineAction))
#8 /var/www/html/yii_framework/framework/web/CController.php(265): CController->runActionWithFilters(Object(CInlineAction), Array)
#9 /var/www/html/yii_framework/framework/web/CWebApplication.php(282): CController->run('listusers')
#10 /var/www/html/yii_framework/framework/web/CWebApplication.php(141): CWebApplication->runController('site/listusers')
#11 /var/www/html/yii_framework/framework/base/CApplication.php(185): CWebApplication->processRequest()
#12 /var/www/html/yii-mongodb/index.php(13): CApplication->run()
#13 {main}
REQUEST_URI=/yii-mongodb/index.php/site/listusers
---
2017/04/25 18:52:10 [error] [exception.Error] Error: Class 'Mongo' not found in /var/www/html/yii-mongodb/protected/extensions/YiiMongoDbSuite/EMongoDB.php:144
Stack trace:
#0 /var/www/html/yii-mongodb/protected/extensions/YiiMongoDbSuite/EMongoDB.php(181): EMongoDB->getConnection()
#1 /var/www/html/yii-mongodb/protected/extensions/YiiMongoDbSuite/EMongoDocument.php(166): EMongoDB->getDbInstance()
#2 /var/www/html/yii-mongodb/protected/extensions/YiiMongoDbSuite/EMongoDocument.php(191): EMongoDocument->getDb()
#3 /var/www/html/yii-mongodb/protected/extensions/YiiMongoDbSuite/EMongoDocument.php(847): EMongoDocument->getCollection()
#4 /var/www/html/yii-mongodb/protected/controllers/SiteController.php(111): EMongoDocument->findAll()
#5 /var/www/html/yii_framework/framework/web/actions/CInlineAction.php(49): SiteController->actionListUsers()
#6 /var/www/html/yii_framework/framework/web/CController.php(308): CInlineAction->runWithParams(Array)
#7 /var/www/html/yii_framework/framework/web/CController.php(286): CController->runAction(Object(CInlineAction))
#8 /var/www/html/yii_framework/framework/web/CController.php(265): CController->runActionWithFilters(Object(CInlineAction), Array)
#9 /var/www/html/yii_framework/framework/web/CWebApplication.php(282): CController->run('listusers')
#10 /var/www/html/yii_framework/framework/web/CWebApplication.php(141): CWebApplication->runController('site/listusers')
#11 /var/www/html/yii_framework/framework/base/CApplication.php(185): CWebApplication->processRequest()
#12 /var/www/html/yii-mongodb/index.php(13): CApplication->run()
#13 {main}
REQUEST_URI=/yii-mongodb/index.php/site/listusers
---
2017/04/25 18:52:33 [error] [exception.Error] Error: Class 'Mongo' not found in /var/www/html/yii-mongodb/protected/extensions/YiiMongoDbSuite/EMongoDB.php:144
Stack trace:
#0 /var/www/html/yii-mongodb/protected/extensions/YiiMongoDbSuite/EMongoDB.php(181): EMongoDB->getConnection()
#1 /var/www/html/yii-mongodb/protected/extensions/YiiMongoDbSuite/EMongoDocument.php(166): EMongoDB->getDbInstance()
#2 /var/www/html/yii-mongodb/protected/extensions/YiiMongoDbSuite/EMongoDocument.php(191): EMongoDocument->getDb()
#3 /var/www/html/yii-mongodb/protected/extensions/YiiMongoDbSuite/EMongoDocument.php(847): EMongoDocument->getCollection()
#4 /var/www/html/yii-mongodb/protected/controllers/SiteController.php(111): EMongoDocument->findAll()
#5 /var/www/html/yii_framework/framework/web/actions/CInlineAction.php(49): SiteController->actionListUsers()
#6 /var/www/html/yii_framework/framework/web/CController.php(308): CInlineAction->runWithParams(Array)
#7 /var/www/html/yii_framework/framework/web/CController.php(286): CController->runAction(Object(CInlineAction))
#8 /var/www/html/yii_framework/framework/web/CController.php(265): CController->runActionWithFilters(Object(CInlineAction), Array)
#9 /var/www/html/yii_framework/framework/web/CWebApplication.php(282): CController->run('listusers')
#10 /var/www/html/yii_framework/framework/web/CWebApplication.php(141): CWebApplication->runController('site/listusers')
#11 /var/www/html/yii_framework/framework/base/CApplication.php(185): CWebApplication->processRequest()
#12 /var/www/html/yii-mongodb/index.php(13): CApplication->run()
#13 {main}
REQUEST_URI=/yii-mongodb/index.php/site/listusers
---
2017/04/25 19:25:11 [error] [exception.Error] Error: Class 'Mongo' not found in /var/www/html/yii-mongodb/protected/extensions/YiiMongoDbSuite/EMongoDB.php:144
Stack trace:
#0 /var/www/html/yii-mongodb/protected/extensions/YiiMongoDbSuite/EMongoDB.php(181): EMongoDB->getConnection()
#1 /var/www/html/yii-mongodb/protected/extensions/YiiMongoDbSuite/EMongoDocument.php(166): EMongoDB->getDbInstance()
#2 /var/www/html/yii-mongodb/protected/extensions/YiiMongoDbSuite/EMongoDocument.php(191): EMongoDocument->getDb()
#3 /var/www/html/yii-mongodb/protected/extensions/YiiMongoDbSuite/EMongoDocument.php(847): EMongoDocument->getCollection()
#4 /var/www/html/yii-mongodb/protected/controllers/SiteController.php(111): EMongoDocument->findAll()
#5 /var/www/html/yii_framework/framework/web/actions/CInlineAction.php(49): SiteController->actionListUsers()
#6 /var/www/html/yii_framework/framework/web/CController.php(308): CInlineAction->runWithParams(Array)
#7 /var/www/html/yii_framework/framework/web/CController.php(286): CController->runAction(Object(CInlineAction))
#8 /var/www/html/yii_framework/framework/web/CController.php(265): CController->runActionWithFilters(Object(CInlineAction), Array)
#9 /var/www/html/yii_framework/framework/web/CWebApplication.php(282): CController->run('listusers')
#10 /var/www/html/yii_framework/framework/web/CWebApplication.php(141): CWebApplication->runController('site/listusers')
#11 /var/www/html/yii_framework/framework/base/CApplication.php(185): CWebApplication->processRequest()
#12 /var/www/html/yii-mongodb/index.php(13): CApplication->run()
#13 {main}
REQUEST_URI=/yii-mongodb/index.php/site/listusers
---
2017/04/25 19:25:12 [error] [exception.Error] Error: Class 'Mongo' not found in /var/www/html/yii-mongodb/protected/extensions/YiiMongoDbSuite/EMongoDB.php:144
Stack trace:
#0 /var/www/html/yii-mongodb/protected/extensions/YiiMongoDbSuite/EMongoDB.php(181): EMongoDB->getConnection()
#1 /var/www/html/yii-mongodb/protected/extensions/YiiMongoDbSuite/EMongoDocument.php(166): EMongoDB->getDbInstance()
#2 /var/www/html/yii-mongodb/protected/extensions/YiiMongoDbSuite/EMongoDocument.php(191): EMongoDocument->getDb()
#3 /var/www/html/yii-mongodb/protected/extensions/YiiMongoDbSuite/EMongoDocument.php(847): EMongoDocument->getCollection()
#4 /var/www/html/yii-mongodb/protected/controllers/SiteController.php(111): EMongoDocument->findAll()
#5 /var/www/html/yii_framework/framework/web/actions/CInlineAction.php(49): SiteController->actionListUsers()
#6 /var/www/html/yii_framework/framework/web/CController.php(308): CInlineAction->runWithParams(Array)
#7 /var/www/html/yii_framework/framework/web/CController.php(286): CController->runAction(Object(CInlineAction))
#8 /var/www/html/yii_framework/framework/web/CController.php(265): CController->runActionWithFilters(Object(CInlineAction), Array)
#9 /var/www/html/yii_framework/framework/web/CWebApplication.php(282): CController->run('listusers')
#10 /var/www/html/yii_framework/framework/web/CWebApplication.php(141): CWebApplication->runController('site/listusers')
#11 /var/www/html/yii_framework/framework/base/CApplication.php(185): CWebApplication->processRequest()
#12 /var/www/html/yii-mongodb/index.php(13): CApplication->run()
#13 {main}
REQUEST_URI=/yii-mongodb/index.php/site/listusers
---
2017/04/25 19:25:14 [error] [exception.Error] Error: Class 'Mongo' not found in /var/www/html/yii-mongodb/protected/extensions/YiiMongoDbSuite/EMongoDB.php:144
Stack trace:
#0 /var/www/html/yii-mongodb/protected/extensions/YiiMongoDbSuite/EMongoDB.php(181): EMongoDB->getConnection()
#1 /var/www/html/yii-mongodb/protected/extensions/YiiMongoDbSuite/EMongoDocument.php(166): EMongoDB->getDbInstance()
#2 /var/www/html/yii-mongodb/protected/extensions/YiiMongoDbSuite/EMongoDocument.php(191): EMongoDocument->getDb()
#3 /var/www/html/yii-mongodb/protected/extensions/YiiMongoDbSuite/EMongoDocument.php(847): EMongoDocument->getCollection()
#4 /var/www/html/yii-mongodb/protected/controllers/SiteController.php(111): EMongoDocument->findAll()
#5 /var/www/html/yii_framework/framework/web/actions/CInlineAction.php(49): SiteController->actionListUsers()
#6 /var/www/html/yii_framework/framework/web/CController.php(308): CInlineAction->runWithParams(Array)
#7 /var/www/html/yii_framework/framework/web/CController.php(286): CController->runAction(Object(CInlineAction))
#8 /var/www/html/yii_framework/framework/web/CController.php(265): CController->runActionWithFilters(Object(CInlineAction), Array)
#9 /var/www/html/yii_framework/framework/web/CWebApplication.php(282): CController->run('listusers')
#10 /var/www/html/yii_framework/framework/web/CWebApplication.php(141): CWebApplication->runController('site/listusers')
#11 /var/www/html/yii_framework/framework/base/CApplication.php(185): CWebApplication->processRequest()
#12 /var/www/html/yii-mongodb/index.php(13): CApplication->run()
#13 {main}
REQUEST_URI=/yii-mongodb/index.php/site/listusers
---
2017/04/25 19:25:14 [error] [exception.Error] Error: Class 'Mongo' not found in /var/www/html/yii-mongodb/protected/extensions/YiiMongoDbSuite/EMongoDB.php:144
Stack trace:
#0 /var/www/html/yii-mongodb/protected/extensions/YiiMongoDbSuite/EMongoDB.php(181): EMongoDB->getConnection()
#1 /var/www/html/yii-mongodb/protected/extensions/YiiMongoDbSuite/EMongoDocument.php(166): EMongoDB->getDbInstance()
#2 /var/www/html/yii-mongodb/protected/extensions/YiiMongoDbSuite/EMongoDocument.php(191): EMongoDocument->getDb()
#3 /var/www/html/yii-mongodb/protected/extensions/YiiMongoDbSuite/EMongoDocument.php(847): EMongoDocument->getCollection()
#4 /var/www/html/yii-mongodb/protected/controllers/SiteController.php(111): EMongoDocument->findAll()
#5 /var/www/html/yii_framework/framework/web/actions/CInlineAction.php(49): SiteController->actionListUsers()
#6 /var/www/html/yii_framework/framework/web/CController.php(308): CInlineAction->runWithParams(Array)
#7 /var/www/html/yii_framework/framework/web/CController.php(286): CController->runAction(Object(CInlineAction))
#8 /var/www/html/yii_framework/framework/web/CController.php(265): CController->runActionWithFilters(Object(CInlineAction), Array)
#9 /var/www/html/yii_framework/framework/web/CWebApplication.php(282): CController->run('listusers')
#10 /var/www/html/yii_framework/framework/web/CWebApplication.php(141): CWebApplication->runController('site/listusers')
#11 /var/www/html/yii_framework/framework/base/CApplication.php(185): CWebApplication->processRequest()
#12 /var/www/html/yii-mongodb/index.php(13): CApplication->run()
#13 {main}
REQUEST_URI=/yii-mongodb/index.php/site/listusers
---
2017/04/25 19:25:14 [error] [exception.Error] Error: Class 'Mongo' not found in /var/www/html/yii-mongodb/protected/extensions/YiiMongoDbSuite/EMongoDB.php:144
Stack trace:
#0 /var/www/html/yii-mongodb/protected/extensions/YiiMongoDbSuite/EMongoDB.php(181): EMongoDB->getConnection()
#1 /var/www/html/yii-mongodb/protected/extensions/YiiMongoDbSuite/EMongoDocument.php(166): EMongoDB->getDbInstance()
#2 /var/www/html/yii-mongodb/protected/extensions/YiiMongoDbSuite/EMongoDocument.php(191): EMongoDocument->getDb()
#3 /var/www/html/yii-mongodb/protected/extensions/YiiMongoDbSuite/EMongoDocument.php(847): EMongoDocument->getCollection()
#4 /var/www/html/yii-mongodb/protected/controllers/SiteController.php(111): EMongoDocument->findAll()
#5 /var/www/html/yii_framework/framework/web/actions/CInlineAction.php(49): SiteController->actionListUsers()
#6 /var/www/html/yii_framework/framework/web/CController.php(308): CInlineAction->runWithParams(Array)
#7 /var/www/html/yii_framework/framework/web/CController.php(286): CController->runAction(Object(CInlineAction))
#8 /var/www/html/yii_framework/framework/web/CController.php(265): CController->runActionWithFilters(Object(CInlineAction), Array)
#9 /var/www/html/yii_framework/framework/web/CWebApplication.php(282): CController->run('listusers')
#10 /var/www/html/yii_framework/framework/web/CWebApplication.php(141): CWebApplication->runController('site/listusers')
#11 /var/www/html/yii_framework/framework/base/CApplication.php(185): CWebApplication->processRequest()
#12 /var/www/html/yii-mongodb/index.php(13): CApplication->run()
#13 {main}
REQUEST_URI=/yii-mongodb/index.php/site/listusers
---
2017/04/25 19:25:15 [error] [exception.Error] Error: Class 'Mongo' not found in /var/www/html/yii-mongodb/protected/extensions/YiiMongoDbSuite/EMongoDB.php:144
Stack trace:
#0 /var/www/html/yii-mongodb/protected/extensions/YiiMongoDbSuite/EMongoDB.php(181): EMongoDB->getConnection()
#1 /var/www/html/yii-mongodb/protected/extensions/YiiMongoDbSuite/EMongoDocument.php(166): EMongoDB->getDbInstance()
#2 /var/www/html/yii-mongodb/protected/extensions/YiiMongoDbSuite/EMongoDocument.php(191): EMongoDocument->getDb()
#3 /var/www/html/yii-mongodb/protected/extensions/YiiMongoDbSuite/EMongoDocument.php(847): EMongoDocument->getCollection()
#4 /var/www/html/yii-mongodb/protected/controllers/SiteController.php(111): EMongoDocument->findAll()
#5 /var/www/html/yii_framework/framework/web/actions/CInlineAction.php(49): SiteController->actionListUsers()
#6 /var/www/html/yii_framework/framework/web/CController.php(308): CInlineAction->runWithParams(Array)
#7 /var/www/html/yii_framework/framework/web/CController.php(286): CController->runAction(Object(CInlineAction))
#8 /var/www/html/yii_framework/framework/web/CController.php(265): CController->runActionWithFilters(Object(CInlineAction), Array)
#9 /var/www/html/yii_framework/framework/web/CWebApplication.php(282): CController->run('listusers')
#10 /var/www/html/yii_framework/framework/web/CWebApplication.php(141): CWebApplication->runController('site/listusers')
#11 /var/www/html/yii_framework/framework/base/CApplication.php(185): CWebApplication->processRequest()
#12 /var/www/html/yii-mongodb/index.php(13): CApplication->run()
#13 {main}
REQUEST_URI=/yii-mongodb/index.php/site/listusers
---
2017/04/25 19:25:15 [error] [exception.Error] Error: Class 'Mongo' not found in /var/www/html/yii-mongodb/protected/extensions/YiiMongoDbSuite/EMongoDB.php:144
Stack trace:
#0 /var/www/html/yii-mongodb/protected/extensions/YiiMongoDbSuite/EMongoDB.php(181): EMongoDB->getConnection()
#1 /var/www/html/yii-mongodb/protected/extensions/YiiMongoDbSuite/EMongoDocument.php(166): EMongoDB->getDbInstance()
#2 /var/www/html/yii-mongodb/protected/extensions/YiiMongoDbSuite/EMongoDocument.php(191): EMongoDocument->getDb()
#3 /var/www/html/yii-mongodb/protected/extensions/YiiMongoDbSuite/EMongoDocument.php(847): EMongoDocument->getCollection()
#4 /var/www/html/yii-mongodb/protected/controllers/SiteController.php(111): EMongoDocument->findAll()
#5 /var/www/html/yii_framework/framework/web/actions/CInlineAction.php(49): SiteController->actionListUsers()
#6 /var/www/html/yii_framework/framework/web/CController.php(308): CInlineAction->runWithParams(Array)
#7 /var/www/html/yii_framework/framework/web/CController.php(286): CController->runAction(Object(CInlineAction))
#8 /var/www/html/yii_framework/framework/web/CController.php(265): CController->runActionWithFilters(Object(CInlineAction), Array)
#9 /var/www/html/yii_framework/framework/web/CWebApplication.php(282): CController->run('listusers')
#10 /var/www/html/yii_framework/framework/web/CWebApplication.php(141): CWebApplication->runController('site/listusers')
#11 /var/www/html/yii_framework/framework/base/CApplication.php(185): CWebApplication->processRequest()
#12 /var/www/html/yii-mongodb/index.php(13): CApplication->run()
#13 {main}
REQUEST_URI=/yii-mongodb/index.php/site/listusers
---
2017/04/25 19:30:09 [error] [exception.Error] Error: Class 'Mongo' not found in /var/www/html/yii-mongodb/protected/extensions/YiiMongoDbSuite/EMongoDB.php:144
Stack trace:
#0 /var/www/html/yii-mongodb/protected/extensions/YiiMongoDbSuite/EMongoDB.php(181): EMongoDB->getConnection()
#1 /var/www/html/yii-mongodb/protected/extensions/YiiMongoDbSuite/EMongoDocument.php(166): EMongoDB->getDbInstance()
#2 /var/www/html/yii-mongodb/protected/extensions/YiiMongoDbSuite/EMongoDocument.php(191): EMongoDocument->getDb()
#3 /var/www/html/yii-mongodb/protected/extensions/YiiMongoDbSuite/EMongoDocument.php(847): EMongoDocument->getCollection()
#4 /var/www/html/yii-mongodb/protected/controllers/SiteController.php(111): EMongoDocument->findAll()
#5 /var/www/html/yii_framework/framework/web/actions/CInlineAction.php(49): SiteController->actionListUsers()
#6 /var/www/html/yii_framework/framework/web/CController.php(308): CInlineAction->runWithParams(Array)
#7 /var/www/html/yii_framework/framework/web/CController.php(286): CController->runAction(Object(CInlineAction))
#8 /var/www/html/yii_framework/framework/web/CController.php(265): CController->runActionWithFilters(Object(CInlineAction), Array)
#9 /var/www/html/yii_framework/framework/web/CWebApplication.php(282): CController->run('listusers')
#10 /var/www/html/yii_framework/framework/web/CWebApplication.php(141): CWebApplication->runController('site/listusers')
#11 /var/www/html/yii_framework/framework/base/CApplication.php(185): CWebApplication->processRequest()
#12 /var/www/html/yii-mongodb/index.php(13): CApplication->run()
#13 {main}
REQUEST_URI=/yii-mongodb/index.php/site/listusers
---
2017/04/25 19:36:51 [error] [exception.Error] Error: Class 'Mongo' not found in /var/www/html/yii-mongodb/protected/extensions/YiiMongoDbSuite/EMongoDB.php:144
Stack trace:
#0 /var/www/html/yii-mongodb/protected/extensions/YiiMongoDbSuite/EMongoDB.php(181): EMongoDB->getConnection()
#1 /var/www/html/yii-mongodb/protected/extensions/YiiMongoDbSuite/EMongoDocument.php(166): EMongoDB->getDbInstance()
#2 /var/www/html/yii-mongodb/protected/extensions/YiiMongoDbSuite/EMongoDocument.php(191): EMongoDocument->getDb()
#3 /var/www/html/yii-mongodb/protected/extensions/YiiMongoDbSuite/EMongoDocument.php(847): EMongoDocument->getCollection()
#4 /var/www/html/yii-mongodb/protected/controllers/SiteController.php(111): EMongoDocument->findAll()
#5 /var/www/html/yii_framework/framework/web/actions/CInlineAction.php(49): SiteController->actionListUsers()
#6 /var/www/html/yii_framework/framework/web/CController.php(308): CInlineAction->runWithParams(Array)
#7 /var/www/html/yii_framework/framework/web/CController.php(286): CController->runAction(Object(CInlineAction))
#8 /var/www/html/yii_framework/framework/web/CController.php(265): CController->runActionWithFilters(Object(CInlineAction), Array)
#9 /var/www/html/yii_framework/framework/web/CWebApplication.php(282): CController->run('listusers')
#10 /var/www/html/yii_framework/framework/web/CWebApplication.php(141): CWebApplication->runController('site/listusers')
#11 /var/www/html/yii_framework/framework/base/CApplication.php(185): CWebApplication->processRequest()
#12 /var/www/html/yii-mongodb/index.php(13): CApplication->run()
#13 {main}
REQUEST_URI=/yii-mongodb/index.php/site/listusers
---
2017/04/25 19:53:27 [error] [exception.Error] Error: Class 'Mongo' not found in /var/www/html/yii-mongodb/protected/extensions/YiiMongoDbSuite/EMongoDB.php:144
Stack trace:
#0 /var/www/html/yii-mongodb/protected/extensions/YiiMongoDbSuite/EMongoDB.php(181): EMongoDB->getConnection()
#1 /var/www/html/yii-mongodb/protected/extensions/YiiMongoDbSuite/EMongoDocument.php(166): EMongoDB->getDbInstance()
#2 /var/www/html/yii-mongodb/protected/extensions/YiiMongoDbSuite/EMongoDocument.php(191): EMongoDocument->getDb()
#3 /var/www/html/yii-mongodb/protected/extensions/YiiMongoDbSuite/EMongoDocument.php(847): EMongoDocument->getCollection()
#4 /var/www/html/yii-mongodb/protected/controllers/SiteController.php(111): EMongoDocument->findAll()
#5 /var/www/html/yii_framework/framework/web/actions/CInlineAction.php(49): SiteController->actionListUsers()
#6 /var/www/html/yii_framework/framework/web/CController.php(308): CInlineAction->runWithParams(Array)
#7 /var/www/html/yii_framework/framework/web/CController.php(286): CController->runAction(Object(CInlineAction))
#8 /var/www/html/yii_framework/framework/web/CController.php(265): CController->runActionWithFilters(Object(CInlineAction), Array)
#9 /var/www/html/yii_framework/framework/web/CWebApplication.php(282): CController->run('listusers')
#10 /var/www/html/yii_framework/framework/web/CWebApplication.php(141): CWebApplication->runController('site/listusers')
#11 /var/www/html/yii_framework/framework/base/CApplication.php(185): CWebApplication->processRequest()
#12 /var/www/html/yii-mongodb/index.php(13): CApplication->run()
#13 {main}
REQUEST_URI=/yii-mongodb/index.php/site/listusers
---
2017/04/25 19:53:30 [error] [exception.Error] Error: Class 'Mongo' not found in /var/www/html/yii-mongodb/protected/extensions/YiiMongoDbSuite/EMongoDB.php:144
Stack trace:
#0 /var/www/html/yii-mongodb/protected/extensions/YiiMongoDbSuite/EMongoDB.php(181): EMongoDB->getConnection()
#1 /var/www/html/yii-mongodb/protected/extensions/YiiMongoDbSuite/EMongoDocument.php(166): EMongoDB->getDbInstance()
#2 /var/www/html/yii-mongodb/protected/extensions/YiiMongoDbSuite/EMongoDocument.php(191): EMongoDocument->getDb()
#3 /var/www/html/yii-mongodb/protected/extensions/YiiMongoDbSuite/EMongoDocument.php(847): EMongoDocument->getCollection()
#4 /var/www/html/yii-mongodb/protected/controllers/SiteController.php(111): EMongoDocument->findAll()
#5 /var/www/html/yii_framework/framework/web/actions/CInlineAction.php(49): SiteController->actionListUsers()
#6 /var/www/html/yii_framework/framework/web/CController.php(308): CInlineAction->runWithParams(Array)
#7 /var/www/html/yii_framework/framework/web/CController.php(286): CController->runAction(Object(CInlineAction))
#8 /var/www/html/yii_framework/framework/web/CController.php(265): CController->runActionWithFilters(Object(CInlineAction), Array)
#9 /var/www/html/yii_framework/framework/web/CWebApplication.php(282): CController->run('listusers')
#10 /var/www/html/yii_framework/framework/web/CWebApplication.php(141): CWebApplication->runController('site/listusers')
#11 /var/www/html/yii_framework/framework/base/CApplication.php(185): CWebApplication->processRequest()
#12 /var/www/html/yii-mongodb/index.php(13): CApplication->run()
#13 {main}
REQUEST_URI=/yii-mongodb/index.php/site/listusers
---
2017/04/25 19:53:32 [error] [exception.Error] Error: Class 'Mongo' not found in /var/www/html/yii-mongodb/protected/extensions/YiiMongoDbSuite/EMongoDB.php:144
Stack trace:
#0 /var/www/html/yii-mongodb/protected/extensions/YiiMongoDbSuite/EMongoDB.php(181): EMongoDB->getConnection()
#1 /var/www/html/yii-mongodb/protected/extensions/YiiMongoDbSuite/EMongoDocument.php(166): EMongoDB->getDbInstance()
#2 /var/www/html/yii-mongodb/protected/extensions/YiiMongoDbSuite/EMongoDocument.php(191): EMongoDocument->getDb()
#3 /var/www/html/yii-mongodb/protected/extensions/YiiMongoDbSuite/EMongoDocument.php(847): EMongoDocument->getCollection()
#4 /var/www/html/yii-mongodb/protected/controllers/SiteController.php(111): EMongoDocument->findAll()
#5 /var/www/html/yii_framework/framework/web/actions/CInlineAction.php(49): SiteController->actionListUsers()
#6 /var/www/html/yii_framework/framework/web/CController.php(308): CInlineAction->runWithParams(Array)
#7 /var/www/html/yii_framework/framework/web/CController.php(286): CController->runAction(Object(CInlineAction))
#8 /var/www/html/yii_framework/framework/web/CController.php(265): CController->runActionWithFilters(Object(CInlineAction), Array)
#9 /var/www/html/yii_framework/framework/web/CWebApplication.php(282): CController->run('listusers')
#10 /var/www/html/yii_framework/framework/web/CWebApplication.php(141): CWebApplication->runController('site/listusers')
#11 /var/www/html/yii_framework/framework/base/CApplication.php(185): CWebApplication->processRequest()
#12 /var/www/html/yii-mongodb/index.php(13): CApplication->run()
#13 {main}
REQUEST_URI=/yii-mongodb/index.php/site/listusers
---
2017/04/25 19:53:34 [error] [exception.Error] Error: Class 'Mongo' not found in /var/www/html/yii-mongodb/protected/extensions/YiiMongoDbSuite/EMongoDB.php:144
Stack trace:
#0 /var/www/html/yii-mongodb/protected/extensions/YiiMongoDbSuite/EMongoDB.php(181): EMongoDB->getConnection()
#1 /var/www/html/yii-mongodb/protected/extensions/YiiMongoDbSuite/EMongoDocument.php(166): EMongoDB->getDbInstance()
#2 /var/www/html/yii-mongodb/protected/extensions/YiiMongoDbSuite/EMongoDocument.php(191): EMongoDocument->getDb()
#3 /var/www/html/yii-mongodb/protected/extensions/YiiMongoDbSuite/EMongoDocument.php(847): EMongoDocument->getCollection()
#4 /var/www/html/yii-mongodb/protected/controllers/SiteController.php(111): EMongoDocument->findAll()
#5 /var/www/html/yii_framework/framework/web/actions/CInlineAction.php(49): SiteController->actionListUsers()
#6 /var/www/html/yii_framework/framework/web/CController.php(308): CInlineAction->runWithParams(Array)
#7 /var/www/html/yii_framework/framework/web/CController.php(286): CController->runAction(Object(CInlineAction))
#8 /var/www/html/yii_framework/framework/web/CController.php(265): CController->runActionWithFilters(Object(CInlineAction), Array)
#9 /var/www/html/yii_framework/framework/web/CWebApplication.php(282): CController->run('listusers')
#10 /var/www/html/yii_framework/framework/web/CWebApplication.php(141): CWebApplication->runController('site/listusers')
#11 /var/www/html/yii_framework/framework/base/CApplication.php(185): CWebApplication->processRequest()
#12 /var/www/html/yii-mongodb/index.php(13): CApplication->run()
#13 {main}
REQUEST_URI=/yii-mongodb/index.php/site/listusers
---
2017/04/25 19:53:36 [error] [exception.Error] Error: Class 'Mongo' not found in /var/www/html/yii-mongodb/protected/extensions/YiiMongoDbSuite/EMongoDB.php:144
Stack trace:
#0 /var/www/html/yii-mongodb/protected/extensions/YiiMongoDbSuite/EMongoDB.php(181): EMongoDB->getConnection()
#1 /var/www/html/yii-mongodb/protected/extensions/YiiMongoDbSuite/EMongoDocument.php(166): EMongoDB->getDbInstance()
#2 /var/www/html/yii-mongodb/protected/extensions/YiiMongoDbSuite/EMongoDocument.php(191): EMongoDocument->getDb()
#3 /var/www/html/yii-mongodb/protected/extensions/YiiMongoDbSuite/EMongoDocument.php(847): EMongoDocument->getCollection()
#4 /var/www/html/yii-mongodb/protected/controllers/SiteController.php(111): EMongoDocument->findAll()
#5 /var/www/html/yii_framework/framework/web/actions/CInlineAction.php(49): SiteController->actionListUsers()
#6 /var/www/html/yii_framework/framework/web/CController.php(308): CInlineAction->runWithParams(Array)
#7 /var/www/html/yii_framework/framework/web/CController.php(286): CController->runAction(Object(CInlineAction))
#8 /var/www/html/yii_framework/framework/web/CController.php(265): CController->runActionWithFilters(Object(CInlineAction), Array)
#9 /var/www/html/yii_framework/framework/web/CWebApplication.php(282): CController->run('listusers')
#10 /var/www/html/yii_framework/framework/web/CWebApplication.php(141): CWebApplication->runController('site/listusers')
#11 /var/www/html/yii_framework/framework/base/CApplication.php(185): CWebApplication->processRequest()
#12 /var/www/html/yii-mongodb/index.php(13): CApplication->run()
#13 {main}
REQUEST_URI=/yii-mongodb/index.php/site/listusers
---
2017/04/25 19:58:55 [error] [exception.Error] Error: Class 'Mongo' not found in /var/www/html/yii-mongodb/protected/extensions/YiiMongoDbSuite/EMongoDB.php:145
Stack trace:
#0 /var/www/html/yii-mongodb/protected/extensions/YiiMongoDbSuite/EMongoDB.php(182): EMongoDB->getConnection()
#1 /var/www/html/yii-mongodb/protected/extensions/YiiMongoDbSuite/EMongoDocument.php(166): EMongoDB->getDbInstance()
#2 /var/www/html/yii-mongodb/protected/extensions/YiiMongoDbSuite/EMongoDocument.php(191): EMongoDocument->getDb()
#3 /var/www/html/yii-mongodb/protected/extensions/YiiMongoDbSuite/EMongoDocument.php(847): EMongoDocument->getCollection()
#4 /var/www/html/yii-mongodb/protected/controllers/SiteController.php(111): EMongoDocument->findAll()
#5 /var/www/html/yii_framework/framework/web/actions/CInlineAction.php(49): SiteController->actionListUsers()
#6 /var/www/html/yii_framework/framework/web/CController.php(308): CInlineAction->runWithParams(Array)
#7 /var/www/html/yii_framework/framework/web/CController.php(286): CController->runAction(Object(CInlineAction))
#8 /var/www/html/yii_framework/framework/web/CController.php(265): CController->runActionWithFilters(Object(CInlineAction), Array)
#9 /var/www/html/yii_framework/framework/web/CWebApplication.php(282): CController->run('listusers')
#10 /var/www/html/yii_framework/framework/web/CWebApplication.php(141): CWebApplication->runController('site/listusers')
#11 /var/www/html/yii_framework/framework/base/CApplication.php(185): CWebApplication->processRequest()
#12 /var/www/html/yii-mongodb/index.php(13): CApplication->run()
#13 {main}
REQUEST_URI=/yii-mongodb/index.php/site/listusers
---
2017/04/25 19:59:25 [error] [exception.Error] Error: Call to undefined method MongoDB\Driver\Manager::selectDB() in /var/www/html/yii-mongodb/protected/extensions/YiiMongoDbSuite/EMongoDB.php:182
Stack trace:
#0 /var/www/html/yii-mongodb/protected/extensions/YiiMongoDbSuite/EMongoDocument.php(166): EMongoDB->getDbInstance()
#1 /var/www/html/yii-mongodb/protected/extensions/YiiMongoDbSuite/EMongoDocument.php(191): EMongoDocument->getDb()
#2 /var/www/html/yii-mongodb/protected/extensions/YiiMongoDbSuite/EMongoDocument.php(847): EMongoDocument->getCollection()
#3 /var/www/html/yii-mongodb/protected/controllers/SiteController.php(111): EMongoDocument->findAll()
#4 /var/www/html/yii_framework/framework/web/actions/CInlineAction.php(49): SiteController->actionListUsers()
#5 /var/www/html/yii_framework/framework/web/CController.php(308): CInlineAction->runWithParams(Array)
#6 /var/www/html/yii_framework/framework/web/CController.php(286): CController->runAction(Object(CInlineAction))
#7 /var/www/html/yii_framework/framework/web/CController.php(265): CController->runActionWithFilters(Object(CInlineAction), Array)
#8 /var/www/html/yii_framework/framework/web/CWebApplication.php(282): CController->run('listusers')
#9 /var/www/html/yii_framework/framework/web/CWebApplication.php(141): CWebApplication->runController('site/listusers')
#10 /var/www/html/yii_framework/framework/base/CApplication.php(185): CWebApplication->processRequest()
#11 /var/www/html/yii-mongodb/index.php(13): CApplication->run()
#12 {main}
REQUEST_URI=/yii-mongodb/index.php/site/listusers
---
2017/04/25 20:03:46 [error] [exception.Error] Error: Call to undefined method MongoDB\Driver\Manager::selectDB() in /var/www/html/yii-mongodb/protected/extensions/YiiMongoDbSuite/EMongoDB.php:182
Stack trace:
#0 /var/www/html/yii-mongodb/protected/extensions/YiiMongoDbSuite/EMongoDocument.php(166): EMongoDB->getDbInstance()
#1 /var/www/html/yii-mongodb/protected/extensions/YiiMongoDbSuite/EMongoDocument.php(191): EMongoDocument->getDb()
#2 /var/www/html/yii-mongodb/protected/extensions/YiiMongoDbSuite/EMongoDocument.php(847): EMongoDocument->getCollection()
#3 /var/www/html/yii-mongodb/protected/controllers/SiteController.php(111): EMongoDocument->findAll()
#4 /var/www/html/yii_framework/framework/web/actions/CInlineAction.php(49): SiteController->actionListUsers()
#5 /var/www/html/yii_framework/framework/web/CController.php(308): CInlineAction->runWithParams(Array)
#6 /var/www/html/yii_framework/framework/web/CController.php(286): CController->runAction(Object(CInlineAction))
#7 /var/www/html/yii_framework/framework/web/CController.php(265): CController->runActionWithFilters(Object(CInlineAction), Array)
#8 /var/www/html/yii_framework/framework/web/CWebApplication.php(282): CController->run('listusers')
#9 /var/www/html/yii_framework/framework/web/CWebApplication.php(141): CWebApplication->runController('site/listusers')
#10 /var/www/html/yii_framework/framework/base/CApplication.php(185): CWebApplication->processRequest()
#11 /var/www/html/yii-mongodb/index.php(13): CApplication->run()
#12 {main}
REQUEST_URI=/yii-mongodb/index.php/site/listusers
---
2017/04/26 09:57:44 [error] [exception.Error] Error: Call to undefined method MongoDB\Driver\Manager::selectDB() in /var/www/html/yii-mongodb/protected/extensions/YiiMongoDbSuite/EMongoDB.php:182
Stack trace:
#0 /var/www/html/yii-mongodb/protected/extensions/YiiMongoDbSuite/EMongoDocument.php(166): EMongoDB->getDbInstance()
#1 /var/www/html/yii-mongodb/protected/extensions/YiiMongoDbSuite/EMongoDocument.php(191): EMongoDocument->getDb()
#2 /var/www/html/yii-mongodb/protected/extensions/YiiMongoDbSuite/EMongoDocument.php(847): EMongoDocument->getCollection()
#3 /var/www/html/yii-mongodb/protected/controllers/SiteController.php(111): EMongoDocument->findAll()
#4 /var/www/html/yii_framework/framework/web/actions/CInlineAction.php(49): SiteController->actionListUsers()
#5 /var/www/html/yii_framework/framework/web/CController.php(308): CInlineAction->runWithParams(Array)
#6 /var/www/html/yii_framework/framework/web/CController.php(286): CController->runAction(Object(CInlineAction))
#7 /var/www/html/yii_framework/framework/web/CController.php(265): CController->runActionWithFilters(Object(CInlineAction), Array)
#8 /var/www/html/yii_framework/framework/web/CWebApplication.php(282): CController->run('listusers')
#9 /var/www/html/yii_framework/framework/web/CWebApplication.php(141): CWebApplication->runController('site/listusers')
#10 /var/www/html/yii_framework/framework/base/CApplication.php(185): CWebApplication->processRequest()
#11 /var/www/html/yii-mongodb/index.php(13): CApplication->run()
#12 {main}
REQUEST_URI=/yii-mongodb/index.php/site/listusers
---
2017/04/26 10:07:42 [error] [exception.ParseError] ParseError: syntax error, unexpected '}', expecting identifier (T_STRING) or variable (T_VARIABLE) or '{' or '$' in /var/www/html/yii-mongodb/protected/extensions/YiiMongoDbSuite/EMongoDB.php:233
Stack trace:
#0 [internal function]: YiiBase::autoload('EMongoDB')
#1 [internal function]: spl_autoload_call('EMongoDB')
#2 /var/www/html/yii_framework/framework/YiiBase.php(303): class_exists('EMongoDB', true)
#3 /var/www/html/yii_framework/framework/YiiBase.php(197): YiiBase::import('EMongoDB', true)
#4 /var/www/html/yii_framework/framework/base/CModule.php(393): YiiBase::createComponent(Array)
#5 /var/www/html/yii-mongodb/protected/extensions/YiiMongoDbSuite/EMongoDocument.php(144): CModule->getComponent('mongodb')
#6 /var/www/html/yii-mongodb/protected/extensions/YiiMongoDbSuite/EMongoDocument.php(166): EMongoDocument->getMongoDBComponent()
#7 /var/www/html/yii-mongodb/protected/extensions/YiiMongoDbSuite/EMongoDocument.php(191): EMongoDocument->getDb()
#8 /var/www/html/yii-mongodb/protected/extensions/YiiMongoDbSuite/EMongoDocument.php(847): EMongoDocument->getCollection()
#9 /var/www/html/yii-mongodb/protected/controllers/SiteController.php(111): EMongoDocument->findAll()
#10 /var/www/html/yii_framework/framework/web/actions/CInlineAction.php(49): SiteController->actionListUsers()
#11 /var/www/html/yii_framework/framework/web/CController.php(308): CInlineAction->runWithParams(Array)
#12 /var/www/html/yii_framework/framework/web/CController.php(286): CController->runAction(Object(CInlineAction))
#13 /var/www/html/yii_framework/framework/web/CController.php(265): CController->runActionWithFilters(Object(CInlineAction), Array)
#14 /var/www/html/yii_framework/framework/web/CWebApplication.php(282): CController->run('listusers')
#15 /var/www/html/yii_framework/framework/web/CWebApplication.php(141): CWebApplication->runController('site/listusers')
#16 /var/www/html/yii_framework/framework/base/CApplication.php(185): CWebApplication->processRequest()
#17 /var/www/html/yii-mongodb/index.php(13): CApplication->run()
#18 {main}
REQUEST_URI=/yii-mongodb/index.php/site/listusers
---
2017/04/26 10:08:28 [error] [exception.ParseError] ParseError: syntax error, unexpected '/', expecting variable (T_VARIABLE) in /var/www/html/yii-mongodb/protected/extensions/YiiMongoDbSuite/EMongoDB.php:170
Stack trace:
#0 [internal function]: YiiBase::autoload('EMongoDB')
#1 [internal function]: spl_autoload_call('EMongoDB')
#2 /var/www/html/yii_framework/framework/YiiBase.php(303): class_exists('EMongoDB', true)
#3 /var/www/html/yii_framework/framework/YiiBase.php(197): YiiBase::import('EMongoDB', true)
#4 /var/www/html/yii_framework/framework/base/CModule.php(393): YiiBase::createComponent(Array)
#5 /var/www/html/yii-mongodb/protected/extensions/YiiMongoDbSuite/EMongoDocument.php(144): CModule->getComponent('mongodb')
#6 /var/www/html/yii-mongodb/protected/extensions/YiiMongoDbSuite/EMongoDocument.php(166): EMongoDocument->getMongoDBComponent()
#7 /var/www/html/yii-mongodb/protected/extensions/YiiMongoDbSuite/EMongoDocument.php(191): EMongoDocument->getDb()
#8 /var/www/html/yii-mongodb/protected/extensions/YiiMongoDbSuite/EMongoDocument.php(847): EMongoDocument->getCollection()
#9 /var/www/html/yii-mongodb/protected/controllers/SiteController.php(111): EMongoDocument->findAll()
#10 /var/www/html/yii_framework/framework/web/actions/CInlineAction.php(49): SiteController->actionListUsers()
#11 /var/www/html/yii_framework/framework/web/CController.php(308): CInlineAction->runWithParams(Array)
#12 /var/www/html/yii_framework/framework/web/CController.php(286): CController->runAction(Object(CInlineAction))
#13 /var/www/html/yii_framework/framework/web/CController.php(265): CController->runActionWithFilters(Object(CInlineAction), Array)
#14 /var/www/html/yii_framework/framework/web/CWebApplication.php(282): CController->run('listusers')
#15 /var/www/html/yii_framework/framework/web/CWebApplication.php(141): CWebApplication->runController('site/listusers')
#16 /var/www/html/yii_framework/framework/base/CApplication.php(185): CWebApplication->processRequest()
#17 /var/www/html/yii-mongodb/index.php(13): CApplication->run()
#18 {main}
REQUEST_URI=/yii-mongodb/index.php/site/listusers
---
2017/04/26 10:08:45 [error] [exception.ParseError] ParseError: syntax error, unexpected '/', expecting variable (T_VARIABLE) in /var/www/html/yii-mongodb/protected/extensions/YiiMongoDbSuite/EMongoDB.php:170
Stack trace:
#0 [internal function]: YiiBase::autoload('EMongoDB')
#1 [internal function]: spl_autoload_call('EMongoDB')
#2 /var/www/html/yii_framework/framework/YiiBase.php(303): class_exists('EMongoDB', true)
#3 /var/www/html/yii_framework/framework/YiiBase.php(197): YiiBase::import('EMongoDB', true)
#4 /var/www/html/yii_framework/framework/base/CModule.php(393): YiiBase::createComponent(Array)
#5 /var/www/html/yii-mongodb/protected/extensions/YiiMongoDbSuite/EMongoDocument.php(144): CModule->getComponent('mongodb')
#6 /var/www/html/yii-mongodb/protected/extensions/YiiMongoDbSuite/EMongoDocument.php(166): EMongoDocument->getMongoDBComponent()
#7 /var/www/html/yii-mongodb/protected/extensions/YiiMongoDbSuite/EMongoDocument.php(191): EMongoDocument->getDb()
#8 /var/www/html/yii-mongodb/protected/extensions/YiiMongoDbSuite/EMongoDocument.php(847): EMongoDocument->getCollection()
#9 /var/www/html/yii-mongodb/protected/controllers/SiteController.php(111): EMongoDocument->findAll()
#10 /var/www/html/yii_framework/framework/web/actions/CInlineAction.php(49): SiteController->actionListUsers()
#11 /var/www/html/yii_framework/framework/web/CController.php(308): CInlineAction->runWithParams(Array)
#12 /var/www/html/yii_framework/framework/web/CController.php(286): CController->runAction(Object(CInlineAction))
#13 /var/www/html/yii_framework/framework/web/CController.php(265): CController->runActionWithFilters(Object(CInlineAction), Array)
#14 /var/www/html/yii_framework/framework/web/CWebApplication.php(282): CController->run('listusers')
#15 /var/www/html/yii_framework/framework/web/CWebApplication.php(141): CWebApplication->runController('site/listusers')
#16 /var/www/html/yii_framework/framework/base/CApplication.php(185): CWebApplication->processRequest()
#17 /var/www/html/yii-mongodb/index.php(13): CApplication->run()
#18 {main}
REQUEST_URI=/yii-mongodb/index.php/site/listusers
---
2017/04/26 10:09:02 [error] [exception.ParseError] ParseError: syntax error, unexpected '}', expecting identifier (T_STRING) or variable (T_VARIABLE) or '{' or '$' in /var/www/html/yii-mongodb/protected/extensions/YiiMongoDbSuite/EMongoDB.php:233
Stack trace:
#0 [internal function]: YiiBase::autoload('EMongoDB')
#1 [internal function]: spl_autoload_call('EMongoDB')
#2 /var/www/html/yii_framework/framework/YiiBase.php(303): class_exists('EMongoDB', true)
#3 /var/www/html/yii_framework/framework/YiiBase.php(197): YiiBase::import('EMongoDB', true)
#4 /var/www/html/yii_framework/framework/base/CModule.php(393): YiiBase::createComponent(Array)
#5 /var/www/html/yii-mongodb/protected/extensions/YiiMongoDbSuite/EMongoDocument.php(144): CModule->getComponent('mongodb')
#6 /var/www/html/yii-mongodb/protected/extensions/YiiMongoDbSuite/EMongoDocument.php(166): EMongoDocument->getMongoDBComponent()
#7 /var/www/html/yii-mongodb/protected/extensions/YiiMongoDbSuite/EMongoDocument.php(191): EMongoDocument->getDb()
#8 /var/www/html/yii-mongodb/protected/extensions/YiiMongoDbSuite/EMongoDocument.php(847): EMongoDocument->getCollection()
#9 /var/www/html/yii-mongodb/protected/controllers/SiteController.php(111): EMongoDocument->findAll()
#10 /var/www/html/yii_framework/framework/web/actions/CInlineAction.php(49): SiteController->actionListUsers()
#11 /var/www/html/yii_framework/framework/web/CController.php(308): CInlineAction->runWithParams(Array)
#12 /var/www/html/yii_framework/framework/web/CController.php(286): CController->runAction(Object(CInlineAction))
#13 /var/www/html/yii_framework/framework/web/CController.php(265): CController->runActionWithFilters(Object(CInlineAction), Array)
#14 /var/www/html/yii_framework/framework/web/CWebApplication.php(282): CController->run('listusers')
#15 /var/www/html/yii_framework/framework/web/CWebApplication.php(141): CWebApplication->runController('site/listusers')
#16 /var/www/html/yii_framework/framework/base/CApplication.php(185): CWebApplication->processRequest()
#17 /var/www/html/yii-mongodb/index.php(13): CApplication->run()
#18 {main}
REQUEST_URI=/yii-mongodb/index.php/site/listusers
---
2017/04/26 10:10:45 [error] [exception.ParseError] ParseError: syntax error, unexpected ''use'' (T_CONSTANT_ENCAPSED_STRING), expecting identifier (T_STRING) or variable (T_VARIABLE) or '{' or '$' in /var/www/html/yii-mongodb/protected/extensions/YiiMongoDbSuite/EMongoDB.php:232
Stack trace:
#0 [internal function]: YiiBase::autoload('EMongoDB')
#1 [internal function]: spl_autoload_call('EMongoDB')
#2 /var/www/html/yii_framework/framework/YiiBase.php(303): class_exists('EMongoDB', true)
#3 /var/www/html/yii_framework/framework/YiiBase.php(197): YiiBase::import('EMongoDB', true)
#4 /var/www/html/yii_framework/framework/base/CModule.php(393): YiiBase::createComponent(Array)
#5 /var/www/html/yii-mongodb/protected/extensions/YiiMongoDbSuite/EMongoDocument.php(144): CModule->getComponent('mongodb')
#6 /var/www/html/yii-mongodb/protected/extensions/YiiMongoDbSuite/EMongoDocument.php(166): EMongoDocument->getMongoDBComponent()
#7 /var/www/html/yii-mongodb/protected/extensions/YiiMongoDbSuite/EMongoDocument.php(191): EMongoDocument->getDb()
#8 /var/www/html/yii-mongodb/protected/extensions/YiiMongoDbSuite/EMongoDocument.php(847): EMongoDocument->getCollection()
#9 /var/www/html/yii-mongodb/protected/controllers/SiteController.php(111): EMongoDocument->findAll()
#10 /var/www/html/yii_framework/framework/web/actions/CInlineAction.php(49): SiteController->actionListUsers()
#11 /var/www/html/yii_framework/framework/web/CController.php(308): CInlineAction->runWithParams(Array)
#12 /var/www/html/yii_framework/framework/web/CController.php(286): CController->runAction(Object(CInlineAction))
#13 /var/www/html/yii_framework/framework/web/CController.php(265): CController->runActionWithFilters(Object(CInlineAction), Array)
#14 /var/www/html/yii_framework/framework/web/CWebApplication.php(282): CController->run('listusers')
#15 /var/www/html/yii_framework/framework/web/CWebApplication.php(141): CWebApplication->runController('site/listusers')
#16 /var/www/html/yii_framework/framework/base/CApplication.php(185): CWebApplication->processRequest()
#17 /var/www/html/yii-mongodb/index.php(13): CApplication->run()
#18 {main}
REQUEST_URI=/yii-mongodb/index.php/site/listusers
---
2017/04/26 10:11:14 [error] [exception.ParseError] ParseError: syntax error, unexpected ''use $name'' (T_CONSTANT_ENCAPSED_STRING), expecting identifier (T_STRING) or variable (T_VARIABLE) or '{' or '$' in /var/www/html/yii-mongodb/protected/extensions/YiiMongoDbSuite/EMongoDB.php:232
Stack trace:
#0 [internal function]: YiiBase::autoload('EMongoDB')
#1 [internal function]: spl_autoload_call('EMongoDB')
#2 /var/www/html/yii_framework/framework/YiiBase.php(303): class_exists('EMongoDB', true)
#3 /var/www/html/yii_framework/framework/YiiBase.php(197): YiiBase::import('EMongoDB', true)
#4 /var/www/html/yii_framework/framework/base/CModule.php(393): YiiBase::createComponent(Array)
#5 /var/www/html/yii-mongodb/protected/extensions/YiiMongoDbSuite/EMongoDocument.php(144): CModule->getComponent('mongodb')
#6 /var/www/html/yii-mongodb/protected/extensions/YiiMongoDbSuite/EMongoDocument.php(166): EMongoDocument->getMongoDBComponent()
#7 /var/www/html/yii-mongodb/protected/extensions/YiiMongoDbSuite/EMongoDocument.php(191): EMongoDocument->getDb()
#8 /var/www/html/yii-mongodb/protected/extensions/YiiMongoDbSuite/EMongoDocument.php(847): EMongoDocument->getCollection()
#9 /var/www/html/yii-mongodb/protected/controllers/SiteController.php(111): EMongoDocument->findAll()
#10 /var/www/html/yii_framework/framework/web/actions/CInlineAction.php(49): SiteController->actionListUsers()
#11 /var/www/html/yii_framework/framework/web/CController.php(308): CInlineAction->runWithParams(Array)
#12 /var/www/html/yii_framework/framework/web/CController.php(286): CController->runAction(Object(CInlineAction))
#13 /var/www/html/yii_framework/framework/web/CController.php(265): CController->runActionWithFilters(Object(CInlineAction), Array)
#14 /var/www/html/yii_framework/framework/web/CWebApplication.php(282): CController->run('listusers')
#15 /var/www/html/yii_framework/framework/web/CWebApplication.php(141): CWebApplication->runController('site/listusers')
#16 /var/www/html/yii_framework/framework/base/CApplication.php(185): CWebApplication->processRequest()
#17 /var/www/html/yii-mongodb/index.php(13): CApplication->run()
#18 {main}
REQUEST_URI=/yii-mongodb/index.php/site/listusers
---
2017/04/26 10:11:36 [error] [exception.ParseError] ParseError: syntax error, unexpected ''siddhu'' (T_CONSTANT_ENCAPSED_STRING), expecting identifier (T_STRING) or variable (T_VARIABLE) or '{' or '$' in /var/www/html/yii-mongodb/protected/extensions/YiiMongoDbSuite/EMongoDB.php:232
Stack trace:
#0 [internal function]: YiiBase::autoload('EMongoDB')
#1 [internal function]: spl_autoload_call('EMongoDB')
#2 /var/www/html/yii_framework/framework/YiiBase.php(303): class_exists('EMongoDB', true)
#3 /var/www/html/yii_framework/framework/YiiBase.php(197): YiiBase::import('EMongoDB', true)
#4 /var/www/html/yii_framework/framework/base/CModule.php(393): YiiBase::createComponent(Array)
#5 /var/www/html/yii-mongodb/protected/extensions/YiiMongoDbSuite/EMongoDocument.php(144): CModule->getComponent('mongodb')
#6 /var/www/html/yii-mongodb/protected/extensions/YiiMongoDbSuite/EMongoDocument.php(166): EMongoDocument->getMongoDBComponent()
#7 /var/www/html/yii-mongodb/protected/extensions/YiiMongoDbSuite/EMongoDocument.php(191): EMongoDocument->getDb()
#8 /var/www/html/yii-mongodb/protected/extensions/YiiMongoDbSuite/EMongoDocument.php(847): EMongoDocument->getCollection()
#9 /var/www/html/yii-mongodb/protected/controllers/SiteController.php(111): EMongoDocument->findAll()
#10 /var/www/html/yii_framework/framework/web/actions/CInlineAction.php(49): SiteController->actionListUsers()
#11 /var/www/html/yii_framework/framework/web/CController.php(308): CInlineAction->runWithParams(Array)
#12 /var/www/html/yii_framework/framework/web/CController.php(286): CController->runAction(Object(CInlineAction))
#13 /var/www/html/yii_framework/framework/web/CController.php(265): CController->runActionWithFilters(Object(CInlineAction), Array)
#14 /var/www/html/yii_framework/framework/web/CWebApplication.php(282): CController->run('listusers')
#15 /var/www/html/yii_framework/framework/web/CWebApplication.php(141): CWebApplication->runController('site/listusers')
#16 /var/www/html/yii_framework/framework/base/CApplication.php(185): CWebApplication->processRequest()
#17 /var/www/html/yii-mongodb/index.php(13): CApplication->run()
#18 {main}
REQUEST_URI=/yii-mongodb/index.php/site/listusers
---
2017/04/26 10:16:14 [error] [exception.Error] Error: Call to undefined method MongoDB\Driver\Manager::selectDB() in /var/www/html/yii-mongodb/protected/extensions/YiiMongoDbSuite/EMongoDB.php:182
Stack trace:
#0 /var/www/html/yii-mongodb/protected/extensions/YiiMongoDbSuite/EMongoDocument.php(166): EMongoDB->getDbInstance()
#1 /var/www/html/yii-mongodb/protected/extensions/YiiMongoDbSuite/EMongoDocument.php(191): EMongoDocument->getDb()
#2 /var/www/html/yii-mongodb/protected/extensions/YiiMongoDbSuite/EMongoDocument.php(847): EMongoDocument->getCollection()
#3 /var/www/html/yii-mongodb/protected/controllers/SiteController.php(111): EMongoDocument->findAll()
#4 /var/www/html/yii_framework/framework/web/actions/CInlineAction.php(49): SiteController->actionListUsers()
#5 /var/www/html/yii_framework/framework/web/CController.php(308): CInlineAction->runWithParams(Array)
#6 /var/www/html/yii_framework/framework/web/CController.php(286): CController->runAction(Object(CInlineAction))
#7 /var/www/html/yii_framework/framework/web/CController.php(265): CController->runActionWithFilters(Object(CInlineAction), Array)
#8 /var/www/html/yii_framework/framework/web/CWebApplication.php(282): CController->run('listusers')
#9 /var/www/html/yii_framework/framework/web/CWebApplication.php(141): CWebApplication->runController('site/listusers')
#10 /var/www/html/yii_framework/framework/base/CApplication.php(185): CWebApplication->processRequest()
#11 /var/www/html/yii-mongodb/index.php(13): CApplication->run()
#12 {main}
REQUEST_URI=/yii-mongodb/index.php/site/listusers
---
2017/04/26 10:16:15 [error] [exception.Error] Error: Call to undefined method MongoDB\Driver\Manager::selectDB() in /var/www/html/yii-mongodb/protected/extensions/YiiMongoDbSuite/EMongoDB.php:182
Stack trace:
#0 /var/www/html/yii-mongodb/protected/extensions/YiiMongoDbSuite/EMongoDocument.php(166): EMongoDB->getDbInstance()
#1 /var/www/html/yii-mongodb/protected/extensions/YiiMongoDbSuite/EMongoDocument.php(191): EMongoDocument->getDb()
#2 /var/www/html/yii-mongodb/protected/extensions/YiiMongoDbSuite/EMongoDocument.php(847): EMongoDocument->getCollection()
#3 /var/www/html/yii-mongodb/protected/controllers/SiteController.php(111): EMongoDocument->findAll()
#4 /var/www/html/yii_framework/framework/web/actions/CInlineAction.php(49): SiteController->actionListUsers()
#5 /var/www/html/yii_framework/framework/web/CController.php(308): CInlineAction->runWithParams(Array)
#6 /var/www/html/yii_framework/framework/web/CController.php(286): CController->runAction(Object(CInlineAction))
#7 /var/www/html/yii_framework/framework/web/CController.php(265): CController->runActionWithFilters(Object(CInlineAction), Array)
#8 /var/www/html/yii_framework/framework/web/CWebApplication.php(282): CController->run('listusers')
#9 /var/www/html/yii_framework/framework/web/CWebApplication.php(141): CWebApplication->runController('site/listusers')
#10 /var/www/html/yii_framework/framework/base/CApplication.php(185): CWebApplication->processRequest()
#11 /var/www/html/yii-mongodb/index.php(13): CApplication->run()
#12 {main}
REQUEST_URI=/yii-mongodb/index.php/site/listusers
---
2017/04/26 10:16:15 [error] [exception.Error] Error: Call to undefined method MongoDB\Driver\Manager::selectDB() in /var/www/html/yii-mongodb/protected/extensions/YiiMongoDbSuite/EMongoDB.php:182
Stack trace:
#0 /var/www/html/yii-mongodb/protected/extensions/YiiMongoDbSuite/EMongoDocument.php(166): EMongoDB->getDbInstance()
#1 /var/www/html/yii-mongodb/protected/extensions/YiiMongoDbSuite/EMongoDocument.php(191): EMongoDocument->getDb()
#2 /var/www/html/yii-mongodb/protected/extensions/YiiMongoDbSuite/EMongoDocument.php(847): EMongoDocument->getCollection()
#3 /var/www/html/yii-mongodb/protected/controllers/SiteController.php(111): EMongoDocument->findAll()
#4 /var/www/html/yii_framework/framework/web/actions/CInlineAction.php(49): SiteController->actionListUsers()
#5 /var/www/html/yii_framework/framework/web/CController.php(308): CInlineAction->runWithParams(Array)
#6 /var/www/html/yii_framework/framework/web/CController.php(286): CController->runAction(Object(CInlineAction))
#7 /var/www/html/yii_framework/framework/web/CController.php(265): CController->runActionWithFilters(Object(CInlineAction), Array)
#8 /var/www/html/yii_framework/framework/web/CWebApplication.php(282): CController->run('listusers')
#9 /var/www/html/yii_framework/framework/web/CWebApplication.php(141): CWebApplication->runController('site/listusers')
#10 /var/www/html/yii_framework/framework/base/CApplication.php(185): CWebApplication->processRequest()
#11 /var/www/html/yii-mongodb/index.php(13): CApplication->run()
#12 {main}
REQUEST_URI=/yii-mongodb/index.php/site/listusers
---
2017/04/26 10:16:16 [error] [exception.Error] Error: Call to undefined method MongoDB\Driver\Manager::selectDB() in /var/www/html/yii-mongodb/protected/extensions/YiiMongoDbSuite/EMongoDB.php:182
Stack trace:
#0 /var/www/html/yii-mongodb/protected/extensions/YiiMongoDbSuite/EMongoDocument.php(166): EMongoDB->getDbInstance()
#1 /var/www/html/yii-mongodb/protected/extensions/YiiMongoDbSuite/EMongoDocument.php(191): EMongoDocument->getDb()
#2 /var/www/html/yii-mongodb/protected/extensions/YiiMongoDbSuite/EMongoDocument.php(847): EMongoDocument->getCollection()
#3 /var/www/html/yii-mongodb/protected/controllers/SiteController.php(111): EMongoDocument->findAll()
#4 /var/www/html/yii_framework/framework/web/actions/CInlineAction.php(49): SiteController->actionListUsers()
#5 /var/www/html/yii_framework/framework/web/CController.php(308): CInlineAction->runWithParams(Array)
#6 /var/www/html/yii_framework/framework/web/CController.php(286): CController->runAction(Object(CInlineAction))
#7 /var/www/html/yii_framework/framework/web/CController.php(265): CController->runActionWithFilters(Object(CInlineAction), Array)
#8 /var/www/html/yii_framework/framework/web/CWebApplication.php(282): CController->run('listusers')
#9 /var/www/html/yii_framework/framework/web/CWebApplication.php(141): CWebApplication->runController('site/listusers')
#10 /var/www/html/yii_framework/framework/base/CApplication.php(185): CWebApplication->processRequest()
#11 /var/www/html/yii-mongodb/index.php(13): CApplication->run()
#12 {main}
REQUEST_URI=/yii-mongodb/index.php/site/listusers
---
2017/04/26 10:16:16 [error] [exception.Error] Error: Call to undefined method MongoDB\Driver\Manager::selectDB() in /var/www/html/yii-mongodb/protected/extensions/YiiMongoDbSuite/EMongoDB.php:182
Stack trace:
#0 /var/www/html/yii-mongodb/protected/extensions/YiiMongoDbSuite/EMongoDocument.php(166): EMongoDB->getDbInstance()
#1 /var/www/html/yii-mongodb/protected/extensions/YiiMongoDbSuite/EMongoDocument.php(191): EMongoDocument->getDb()
#2 /var/www/html/yii-mongodb/protected/extensions/YiiMongoDbSuite/EMongoDocument.php(847): EMongoDocument->getCollection()
#3 /var/www/html/yii-mongodb/protected/controllers/SiteController.php(111): EMongoDocument->findAll()
#4 /var/www/html/yii_framework/framework/web/actions/CInlineAction.php(49): SiteController->actionListUsers()
#5 /var/www/html/yii_framework/framework/web/CController.php(308): CInlineAction->runWithParams(Array)
#6 /var/www/html/yii_framework/framework/web/CController.php(286): CController->runAction(Object(CInlineAction))
#7 /var/www/html/yii_framework/framework/web/CController.php(265): CController->runActionWithFilters(Object(CInlineAction), Array)
#8 /var/www/html/yii_framework/framework/web/CWebApplication.php(282): CController->run('listusers')
#9 /var/www/html/yii_framework/framework/web/CWebApplication.php(141): CWebApplication->runController('site/listusers')
#10 /var/www/html/yii_framework/framework/base/CApplication.php(185): CWebApplication->processRequest()
#11 /var/www/html/yii-mongodb/index.php(13): CApplication->run()
#12 {main}
REQUEST_URI=/yii-mongodb/index.php/site/listusers
---
2017/04/26 10:16:16 [error] [exception.Error] Error: Call to undefined method MongoDB\Driver\Manager::selectDB() in /var/www/html/yii-mongodb/protected/extensions/YiiMongoDbSuite/EMongoDB.php:182
Stack trace:
#0 /var/www/html/yii-mongodb/protected/extensions/YiiMongoDbSuite/EMongoDocument.php(166): EMongoDB->getDbInstance()
#1 /var/www/html/yii-mongodb/protected/extensions/YiiMongoDbSuite/EMongoDocument.php(191): EMongoDocument->getDb()
#2 /var/www/html/yii-mongodb/protected/extensions/YiiMongoDbSuite/EMongoDocument.php(847): EMongoDocument->getCollection()
#3 /var/www/html/yii-mongodb/protected/controllers/SiteController.php(111): EMongoDocument->findAll()
#4 /var/www/html/yii_framework/framework/web/actions/CInlineAction.php(49): SiteController->actionListUsers()
#5 /var/www/html/yii_framework/framework/web/CController.php(308): CInlineAction->runWithParams(Array)
#6 /var/www/html/yii_framework/framework/web/CController.php(286): CController->runAction(Object(CInlineAction))
#7 /var/www/html/yii_framework/framework/web/CController.php(265): CController->runActionWithFilters(Object(CInlineAction), Array)
#8 /var/www/html/yii_framework/framework/web/CWebApplication.php(282): CController->run('listusers')
#9 /var/www/html/yii_framework/framework/web/CWebApplication.php(141): CWebApplication->runController('site/listusers')
#10 /var/www/html/yii_framework/framework/base/CApplication.php(185): CWebApplication->processRequest()
#11 /var/www/html/yii-mongodb/index.php(13): CApplication->run()
#12 {main}
REQUEST_URI=/yii-mongodb/index.php/site/listusers
---
2017/04/27 12:21:22 [error] [exception.EMongoException] exception 'EMongoException' with message 'EMongoDB failed to open connection: Failed to connect to: localhost:27017: SASL Authentication failed on database 'siddhu': Authentication failed.' in /var/www/html/yii-mongodb/protected/extensions/YiiMongoDbSuite/EMongoDB.php:153
Stack trace:
#0 /var/www/html/yii-mongodb/protected/extensions/YiiMongoDbSuite/EMongoDB.php(183): EMongoDB->getConnection()
#1 /var/www/html/yii-mongodb/protected/extensions/YiiMongoDbSuite/EMongoDocument.php(166): EMongoDB->getDbInstance()
#2 /var/www/html/yii-mongodb/protected/extensions/YiiMongoDbSuite/EMongoDocument.php(191): EMongoDocument->getDb()
#3 /var/www/html/yii-mongodb/protected/extensions/YiiMongoDbSuite/EMongoDocument.php(847): EMongoDocument->getCollection()
#4 /var/www/html/yii-mongodb/protected/controllers/SiteController.php(111): EMongoDocument->findAll()
#5 /var/www/html/yii_framework/framework/web/actions/CInlineAction.php(49): SiteController->actionListUsers()
#6 /var/www/html/yii_framework/framework/web/CController.php(308): CInlineAction->runWithParams(Array)
#7 /var/www/html/yii_framework/framework/web/CController.php(286): CController->runAction(Object(CInlineAction))
#8 /var/www/html/yii_framework/framework/web/CController.php(265): CController->runActionWithFilters(Object(CInlineAction), Array)
#9 /var/www/html/yii_framework/framework/web/CWebApplication.php(282): CController->run('listusers')
#10 /var/www/html/yii_framework/framework/web/CWebApplication.php(141): CWebApplication->runController('site/listusers')
#11 /var/www/html/yii_framework/framework/base/CApplication.php(185): CWebApplication->processRequest()
#12 /var/www/html/yii-mongodb/index.php(13): CApplication->run()
#13 {main}
REQUEST_URI=/yii-mongodb/index.php/site/listusers
---
2017/04/27 14:36:22 [error] [php] Undefined index: username (/var/www/html/yii-mongodb/protected/views/site/user-list.php:4)
Stack trace:
#0 /var/www/html/yii_framework/framework/web/CController.php(872): SiteController->renderFile()
#1 /var/www/html/yii_framework/framework/web/CController.php(785): SiteController->renderPartial()
#2 /var/www/html/yii-mongodb/protected/controllers/SiteController.php(112): SiteController->render()
#3 /var/www/html/yii_framework/framework/web/actions/CInlineAction.php(49): SiteController->actionListUsers()
#4 /var/www/html/yii_framework/framework/web/CController.php(308): CInlineAction->runWithParams()
#5 /var/www/html/yii_framework/framework/web/CController.php(286): SiteController->runAction()
#6 /var/www/html/yii_framework/framework/web/CController.php(265): SiteController->runActionWithFilters()
#7 /var/www/html/yii_framework/framework/web/CWebApplication.php(282): SiteController->run()
#8 /var/www/html/yii_framework/framework/web/CWebApplication.php(141): CWebApplication->runController()
#9 /var/www/html/yii_framework/framework/base/CApplication.php(185): CWebApplication->processRequest()
#10 /var/www/html/yii-mongodb/index.php(13): CWebApplication->run()
REQUEST_URI=/yii-mongodb/index.php/site/listusers
in /var/www/html/yii-mongodb/protected/views/site/user-list.php (4)
in /var/www/html/yii-mongodb/protected/controllers/SiteController.php (112)
in /var/www/html/yii-mongodb/index.php (13)
2017/04/27 14:36:35 [error] [php] Undefined index: username (/var/www/html/yii-mongodb/protected/views/site/user-list.php:4)
Stack trace:
#0 /var/www/html/yii_framework/framework/web/CController.php(872): SiteController->renderFile()
#1 /var/www/html/yii_framework/framework/web/CController.php(785): SiteController->renderPartial()
#2 /var/www/html/yii-mongodb/protected/controllers/SiteController.php(112): SiteController->render()
#3 /var/www/html/yii_framework/framework/web/actions/CInlineAction.php(49): SiteController->actionListUsers()
#4 /var/www/html/yii_framework/framework/web/CController.php(308): CInlineAction->runWithParams()
#5 /var/www/html/yii_framework/framework/web/CController.php(286): SiteController->runAction()
#6 /var/www/html/yii_framework/framework/web/CController.php(265): SiteController->runActionWithFilters()
#7 /var/www/html/yii_framework/framework/web/CWebApplication.php(282): SiteController->run()
#8 /var/www/html/yii_framework/framework/web/CWebApplication.php(141): CWebApplication->runController()
#9 /var/www/html/yii_framework/framework/base/CApplication.php(185): CWebApplication->processRequest()
#10 /var/www/html/yii-mongodb/index.php(13): CWebApplication->run()
REQUEST_URI=/yii-mongodb/index.php/site/listusers
in /var/www/html/yii-mongodb/protected/views/site/user-list.php (4)
in /var/www/html/yii-mongodb/protected/controllers/SiteController.php (112)
in /var/www/html/yii-mongodb/index.php (13)
2017/04/27 14:36:53 [error] [php] Undefined index: Password (/var/www/html/yii-mongodb/protected/views/site/user-list.php:4)
Stack trace:
#0 /var/www/html/yii_framework/framework/web/CController.php(872): SiteController->renderFile()
#1 /var/www/html/yii_framework/framework/web/CController.php(785): SiteController->renderPartial()
#2 /var/www/html/yii-mongodb/protected/controllers/SiteController.php(112): SiteController->render()
#3 /var/www/html/yii_framework/framework/web/actions/CInlineAction.php(49): SiteController->actionListUsers()
#4 /var/www/html/yii_framework/framework/web/CController.php(308): CInlineAction->runWithParams()
#5 /var/www/html/yii_framework/framework/web/CController.php(286): SiteController->runAction()
#6 /var/www/html/yii_framework/framework/web/CController.php(265): SiteController->runActionWithFilters()
#7 /var/www/html/yii_framework/framework/web/CWebApplication.php(282): SiteController->run()
#8 /var/www/html/yii_framework/framework/web/CWebApplication.php(141): CWebApplication->runController()
#9 /var/www/html/yii_framework/framework/base/CApplication.php(185): CWebApplication->processRequest()
#10 /var/www/html/yii-mongodb/index.php(13): CWebApplication->run()
REQUEST_URI=/yii-mongodb/index.php/site/listusers
in /var/www/html/yii-mongodb/protected/views/site/user-list.php (4)
in /var/www/html/yii-mongodb/protected/controllers/SiteController.php (112)
in /var/www/html/yii-mongodb/index.php (13)
2017/04/27 14:36:54 [error] [php] Undefined index: Password (/var/www/html/yii-mongodb/protected/views/site/user-list.php:4)
Stack trace:
#0 /var/www/html/yii_framework/framework/web/CController.php(872): SiteController->renderFile()
#1 /var/www/html/yii_framework/framework/web/CController.php(785): SiteController->renderPartial()
#2 /var/www/html/yii-mongodb/protected/controllers/SiteController.php(112): SiteController->render()
#3 /var/www/html/yii_framework/framework/web/actions/CInlineAction.php(49): SiteController->actionListUsers()
#4 /var/www/html/yii_framework/framework/web/CController.php(308): CInlineAction->runWithParams()
#5 /var/www/html/yii_framework/framework/web/CController.php(286): SiteController->runAction()
#6 /var/www/html/yii_framework/framework/web/CController.php(265): SiteController->runActionWithFilters()
#7 /var/www/html/yii_framework/framework/web/CWebApplication.php(282): SiteController->run()
#8 /var/www/html/yii_framework/framework/web/CWebApplication.php(141): CWebApplication->runController()
#9 /var/www/html/yii_framework/framework/base/CApplication.php(185): CWebApplication->processRequest()
#10 /var/www/html/yii-mongodb/index.php(13): CWebApplication->run()
REQUEST_URI=/yii-mongodb/index.php/site/listusers
in /var/www/html/yii-mongodb/protected/views/site/user-list.php (4)
in /var/www/html/yii-mongodb/protected/controllers/SiteController.php (112)
in /var/www/html/yii-mongodb/index.php (13)
2017/04/27 14:36:54 [error] [php] Undefined index: Password (/var/www/html/yii-mongodb/protected/views/site/user-list.php:4)
Stack trace:
#0 /var/www/html/yii_framework/framework/web/CController.php(872): SiteController->renderFile()
#1 /var/www/html/yii_framework/framework/web/CController.php(785): SiteController->renderPartial()
#2 /var/www/html/yii-mongodb/protected/controllers/SiteController.php(112): SiteController->render()
#3 /var/www/html/yii_framework/framework/web/actions/CInlineAction.php(49): SiteController->actionListUsers()
#4 /var/www/html/yii_framework/framework/web/CController.php(308): CInlineAction->runWithParams()
#5 /var/www/html/yii_framework/framework/web/CController.php(286): SiteController->runAction()
#6 /var/www/html/yii_framework/framework/web/CController.php(265): SiteController->runActionWithFilters()
#7 /var/www/html/yii_framework/framework/web/CWebApplication.php(282): SiteController->run()
#8 /var/www/html/yii_framework/framework/web/CWebApplication.php(141): CWebApplication->runController()
#9 /var/www/html/yii_framework/framework/base/CApplication.php(185): CWebApplication->processRequest()
#10 /var/www/html/yii-mongodb/index.php(13): CWebApplication->run()
REQUEST_URI=/yii-mongodb/index.php/site/listusers
in /var/www/html/yii-mongodb/protected/views/site/user-list.php (4)
in /var/www/html/yii-mongodb/protected/controllers/SiteController.php (112)
in /var/www/html/yii-mongodb/index.php (13)
2017/04/27 14:36:55 [error] [php] Undefined index: Password (/var/www/html/yii-mongodb/protected/views/site/user-list.php:4)
Stack trace:
#0 /var/www/html/yii_framework/framework/web/CController.php(872): SiteController->renderFile()
#1 /var/www/html/yii_framework/framework/web/CController.php(785): SiteController->renderPartial()
#2 /var/www/html/yii-mongodb/protected/controllers/SiteController.php(112): SiteController->render()
#3 /var/www/html/yii_framework/framework/web/actions/CInlineAction.php(49): SiteController->actionListUsers()
#4 /var/www/html/yii_framework/framework/web/CController.php(308): CInlineAction->runWithParams()
#5 /var/www/html/yii_framework/framework/web/CController.php(286): SiteController->runAction()
#6 /var/www/html/yii_framework/framework/web/CController.php(265): SiteController->runActionWithFilters()
#7 /var/www/html/yii_framework/framework/web/CWebApplication.php(282): SiteController->run()
#8 /var/www/html/yii_framework/framework/web/CWebApplication.php(141): CWebApplication->runController()
#9 /var/www/html/yii_framework/framework/base/CApplication.php(185): CWebApplication->processRequest()
#10 /var/www/html/yii-mongodb/index.php(13): CWebApplication->run()
REQUEST_URI=/yii-mongodb/index.php/site/listusers
in /var/www/html/yii-mongodb/protected/views/site/user-list.php (4)
in /var/www/html/yii-mongodb/protected/controllers/SiteController.php (112)
in /var/www/html/yii-mongodb/index.php (13)
2017/04/27 14:37:43 [error] [php] Array to string conversion (/var/www/html/yii-mongodb/protected/views/site/user-list.php:4)
Stack trace:
#0 /var/www/html/yii_framework/framework/web/CController.php(872): SiteController->renderFile()
#1 /var/www/html/yii_framework/framework/web/CController.php(785): SiteController->renderPartial()
#2 /var/www/html/yii-mongodb/protected/controllers/SiteController.php(112): SiteController->render()
#3 /var/www/html/yii_framework/framework/web/actions/CInlineAction.php(49): SiteController->actionListUsers()
#4 /var/www/html/yii_framework/framework/web/CController.php(308): CInlineAction->runWithParams()
#5 /var/www/html/yii_framework/framework/web/CController.php(286): SiteController->runAction()
#6 /var/www/html/yii_framework/framework/web/CController.php(265): SiteController->runActionWithFilters()
#7 /var/www/html/yii_framework/framework/web/CWebApplication.php(282): SiteController->run()
#8 /var/www/html/yii_framework/framework/web/CWebApplication.php(141): CWebApplication->runController()
#9 /var/www/html/yii_framework/framework/base/CApplication.php(185): CWebApplication->processRequest()
#10 /var/www/html/yii-mongodb/index.php(13): CWebApplication->run()
REQUEST_URI=/yii-mongodb/index.php/site/listusers
in /var/www/html/yii-mongodb/protected/views/site/user-list.php (4)
in /var/www/html/yii-mongodb/protected/controllers/SiteController.php (112)
in /var/www/html/yii-mongodb/index.php (13)
2017/04/28 12:19:11 [error] [php] Undefined variable: username (/var/www/html/yii-mongodb/protected/controllers/SiteController.php:122)
Stack trace:
#0 /var/www/html/yii_framework/framework/web/CController.php(286): SiteController->runAction()
#1 /var/www/html/yii_framework/framework/web/CController.php(265): SiteController->runActionWithFilters()
#2 /var/www/html/yii_framework/framework/web/CWebApplication.php(282): SiteController->run()
#3 /var/www/html/yii_framework/framework/web/CWebApplication.php(141): CWebApplication->runController()
#4 /var/www/html/yii_framework/framework/base/CApplication.php(185): CWebApplication->processRequest()
#5 /var/www/html/yii-mongodb/index.php(13): CWebApplication->run()
REQUEST_URI=/yii-mongodb/index.php/site/createuser
in /var/www/html/yii-mongodb/protected/controllers/SiteController.php (122)
in /var/www/html/yii-mongodb/index.php (13)
2017/04/28 13:04:12 [error] [php] Undefined variable: model (/var/www/html/yii-mongodb/protected/controllers/SiteController.php:138)
Stack trace:
#0 /var/www/html/yii_framework/framework/web/CController.php(286): SiteController->runAction()
#1 /var/www/html/yii_framework/framework/web/CController.php(265): SiteController->runActionWithFilters()
#2 /var/www/html/yii_framework/framework/web/CWebApplication.php(282): SiteController->run()
#3 /var/www/html/yii_framework/framework/web/CWebApplication.php(141): CWebApplication->runController()
#4 /var/www/html/yii_framework/framework/base/CApplication.php(185): CWebApplication->processRequest()
#5 /var/www/html/yii-mongodb/index.php(13): CWebApplication->run()
REQUEST_URI=/yii-mongodb/index.php/site/createuser
in /var/www/html/yii-mongodb/protected/controllers/SiteController.php (138)
in /var/www/html/yii-mongodb/index.php (13)
